<?xml version="1.0" encoding="UTF-8"?>
<testsuite name="BinarySearchTest" tests="1" skipped="0" failures="0" errors="0" timestamp="2022-03-09T01:32:03" hostname="DESKTOP-1OUC25R" time="0.005">
  <properties/>
  <testcase name="case A" classname="BinarySearchTest" time="0.005"/>
  <system-out><![CDATA[passei
passei
passei
passei
]]></system-out>
  <system-err><![CDATA[]]></system-err>
</testsuite>
