<?xml version="1.0" encoding="UTF-8"?>
<testsuite name="BinarySearchTest" tests="1" skipped="0" failures="0" errors="0" timestamp="2022-03-09T17:15:05" hostname="DESKTOP-1OUC25R" time="0.007">
  <properties/>
  <testcase name="case B" classname="BinarySearchTest" time="0.007"/>
  <system-out><![CDATA[]]></system-out>
  <system-err><![CDATA[]]></system-err>
</testsuite>
